<?xml version="1.0" encoding="UTF-8"?>
<!-- Generated by org.testng.reporters.JUnitXMLReporter -->
<testsuite ignored="36" hostname="DESKTOP-3CBGDHB" failures="0" tests="1" name="Default test" time="49.685" errors="0" timestamp="2023-02-18T20:58:15 EST">
  <testcase classname="com.tekarch.base.BaseClass" name="@BeforeMethod setupBeforeMethod" time="48.846">
    <failure type="org.openqa.selenium.WebDriverException" message="unknown error: Chrome failed to start: exited normally.
  (unknown error: DevToolsActivePort file doesn&amp;apos;t exist)
  (The process started from chrome location C:\Program Files\Google\Chrome\Application\chrome.exe is no longer running, so ChromeDriver is assuming that Chrome has crashed.)
Build info: version: &amp;apos;3.141.59&amp;apos;, revision: &amp;apos;e82be7d358&amp;apos;, time: &amp;apos;2018-11-14T08:17:03&amp;apos;
System info: host: &amp;apos;DESKTOP-3CBGDHB&amp;apos;, ip: &amp;apos;192.168.1.253&amp;apos;, os.name: &amp;apos;Windows 10&amp;apos;, os.arch: &amp;apos;amd64&amp;apos;, os.version: &amp;apos;10.0&amp;apos;, java.version: &amp;apos;11.0.13&amp;apos;
Driver info: driver.version: ChromeDriver
remote stacktrace: Backtrace:
	(No symbol) [0x008937D3]
	(No symbol) [0x00828B81]
	(No symbol) [0x0072B36D]
	(No symbol) [0x0074B7EF]
	(No symbol) [0x00746FC9]
	(No symbol) [0x00781ED5]
	(No symbol) [0x00781B2C]
	(No symbol) [0x0077B216]
	(No symbol) [0x00750D97]
	(No symbol) [0x0075253D]
	GetHandleVerifier [0x00B0ABF2+2510930]
	GetHandleVerifier [0x00B38EC1+2700065]
	GetHandleVerifier [0x00B3C86C+2714828]
	GetHandleVerifier [0x00943480+645344]
	(No symbol) [0x00830FD2]
	(No symbol) [0x00836C68]
	(No symbol) [0x00836D4B]
	(No symbol) [0x00840D6B]
	BaseThreadInitThunk [0x75CA00F9+25]
	RtlGetAppContainerNamedObjectPath [0x76FA7BBE+286]
	RtlGetAppContainerNamedObjectPath [0x76FA7B8E+238]
">
      <![CDATA[org.openqa.selenium.WebDriverException: unknown error: Chrome failed to start: exited normally.
  (unknown error: DevToolsActivePort file doesn't exist)
  (The process started from chrome location C:\Program Files\Google\Chrome\Application\chrome.exe is no longer running, so ChromeDriver is assuming that Chrome has crashed.)
Build info: version: '3.141.59', revision: 'e82be7d358', time: '2018-11-14T08:17:03'
System info: host: 'DESKTOP-3CBGDHB', ip: '192.168.1.253', os.name: 'Windows 10', os.arch: 'amd64', os.version: '10.0', java.version: '11.0.13'
Driver info: driver.version: ChromeDriver
remote stacktrace: Backtrace:
(No symbol) [0x008937D3]
(No symbol) [0x00828B81]
(No symbol) [0x0072B36D]
(No symbol) [0x0074B7EF]
(No symbol) [0x00746FC9]
(No symbol) [0x00781ED5]
(No symbol) [0x00781B2C]
(No symbol) [0x0077B216]
(No symbol) [0x00750D97]
(No symbol) [0x0075253D]
GetHandleVerifier [0x00B0ABF2+2510930]
GetHandleVerifier [0x00B38EC1+2700065]
GetHandleVerifier [0x00B3C86C+2714828]
GetHandleVerifier [0x00943480+645344]
(No symbol) [0x00830FD2]
(No symbol) [0x00836C68]
(No symbol) [0x00836D4B]
(No symbol) [0x00840D6B]
BaseThreadInitThunk [0x75CA00F9+25]
RtlGetAppContainerNamedObjectPath [0x76FA7BBE+286]
RtlGetAppContainerNamedObjectPath [0x76FA7B8E+238]

at java.base/jdk.internal.reflect.NativeConstructorAccessorImpl.newInstance0(Native Method)
at java.base/jdk.internal.reflect.NativeConstructorAccessorImpl.newInstance(NativeConstructorAccessorImpl.java:62)
at java.base/jdk.internal.reflect.DelegatingConstructorAccessorImpl.newInstance(DelegatingConstructorAccessorImpl.java:45)
at java.base/java.lang.reflect.Constructor.newInstance(Constructor.java:490)
at org.openqa.selenium.remote.W3CHandshakeResponse.lambda$errorHandler$0(W3CHandshakeResponse.java:62)
at org.openqa.selenium.remote.HandshakeResponse.lambda$getResponseFunction$0(HandshakeResponse.java:30)
at org.openqa.selenium.remote.ProtocolHandshake.lambda$createSession$0(ProtocolHandshake.java:126)
at java.base/java.util.stream.ReferencePipeline$3$1.accept(ReferencePipeline.java:195)
at java.base/java.util.Spliterators$ArraySpliterator.tryAdvance(Spliterators.java:958)
at java.base/java.util.stream.ReferencePipeline.forEachWithCancel(ReferencePipeline.java:127)
at java.base/java.util.stream.AbstractPipeline.copyIntoWithCancel(AbstractPipeline.java:502)
at java.base/java.util.stream.AbstractPipeline.copyInto(AbstractPipeline.java:488)
at java.base/java.util.stream.AbstractPipeline.wrapAndCopyInto(AbstractPipeline.java:474)
at java.base/java.util.stream.FindOps$FindOp.evaluateSequential(FindOps.java:150)
at java.base/java.util.stream.AbstractPipeline.evaluate(AbstractPipeline.java:234)
at java.base/java.util.stream.ReferencePipeline.findFirst(ReferencePipeline.java:543)
at org.openqa.selenium.remote.ProtocolHandshake.createSession(ProtocolHandshake.java:128)
at org.openqa.selenium.remote.ProtocolHandshake.createSession(ProtocolHandshake.java:74)
at org.openqa.selenium.remote.HttpCommandExecutor.execute(HttpCommandExecutor.java:136)
at org.openqa.selenium.remote.service.DriverCommandExecutor.execute(DriverCommandExecutor.java:83)
at org.openqa.selenium.remote.RemoteWebDriver.execute(RemoteWebDriver.java:552)
at org.openqa.selenium.remote.RemoteWebDriver.startSession(RemoteWebDriver.java:213)
at org.openqa.selenium.remote.RemoteWebDriver.<init>(RemoteWebDriver.java:131)
at org.openqa.selenium.chrome.ChromeDriver.<init>(ChromeDriver.java:181)
at org.openqa.selenium.chrome.ChromeDriver.<init>(ChromeDriver.java:168)
at org.openqa.selenium.chrome.ChromeDriver.<init>(ChromeDriver.java:123)
at com.tekarch.base.BaseClass.getDrive(BaseClass.java:81)
at com.tekarch.base.BaseClass.setupBeforeMethod(BaseClass.java:63)
at java.base/jdk.internal.reflect.NativeMethodAccessorImpl.invoke0(Native Method)
at java.base/jdk.internal.reflect.NativeMethodAccessorImpl.invoke(NativeMethodAccessorImpl.java:62)
at java.base/jdk.internal.reflect.DelegatingMethodAccessorImpl.invoke(DelegatingMethodAccessorImpl.java:43)
at java.base/java.lang.reflect.Method.invoke(Method.java:566)
at org.testng.internal.MethodInvocationHelper.invokeMethod(MethodInvocationHelper.java:133)
at org.testng.internal.MethodInvocationHelper.invokeMethodConsideringTimeout(MethodInvocationHelper.java:62)
at org.testng.internal.ConfigInvoker.invokeConfigurationMethod(ConfigInvoker.java:385)
at org.testng.internal.ConfigInvoker.invokeConfigurations(ConfigInvoker.java:321)
at org.testng.internal.TestInvoker.runConfigMethods(TestInvoker.java:700)
at org.testng.internal.TestInvoker.invokeMethod(TestInvoker.java:527)
at org.testng.internal.TestInvoker.invokeTestMethod(TestInvoker.java:173)
at org.testng.internal.MethodRunner.runInSequence(MethodRunner.java:46)
at org.testng.internal.TestInvoker$MethodInvocationAgent.invoke(TestInvoker.java:824)
at org.testng.internal.TestInvoker.invokeTestMethods(TestInvoker.java:146)
at org.testng.internal.TestMethodWorker.invokeTestMethods(TestMethodWorker.java:146)
at org.testng.internal.TestMethodWorker.run(TestMethodWorker.java:128)
at java.base/java.util.ArrayList.forEach(ArrayList.java:1541)
at org.testng.TestRunner.privateRun(TestRunner.java:794)
at org.testng.TestRunner.run(TestRunner.java:596)
at org.testng.SuiteRunner.runTest(SuiteRunner.java:377)
at org.testng.SuiteRunner.runSequentially(SuiteRunner.java:371)
at org.testng.SuiteRunner.privateRun(SuiteRunner.java:332)
at org.testng.SuiteRunner.run(SuiteRunner.java:276)
at org.testng.SuiteRunnerWorker.runSuite(SuiteRunnerWorker.java:53)
at org.testng.SuiteRunnerWorker.run(SuiteRunnerWorker.java:96)
at org.testng.TestNG.runSuitesSequentially(TestNG.java:1212)
at org.testng.TestNG.runSuitesLocally(TestNG.java:1134)
at org.testng.TestNG.runSuites(TestNG.java:1063)
at org.testng.TestNG.run(TestNG.java:1031)
at org.testng.remote.AbstractRemoteTestNG.run(AbstractRemoteTestNG.java:115)
at org.testng.remote.RemoteTestNG.initAndRun(RemoteTestNG.java:251)
at org.testng.remote.RemoteTestNG.main(RemoteTestNG.java:77)
]]>
    </failure>
  </testcase> <!-- @BeforeMethod setupBeforeMethod -->
  <testcase classname="com.tekarch.base.BaseClass" name="@AfterMethod tearDownAfterMethod" time="0.021">
    <failure type="java.lang.NullPointerException">
      <![CDATA[java.lang.NullPointerException
at com.tekarch.base.BaseClass.tearDownAfterMethod(BaseClass.java:73)
at java.base/jdk.internal.reflect.NativeMethodAccessorImpl.invoke0(Native Method)
at java.base/jdk.internal.reflect.NativeMethodAccessorImpl.invoke(NativeMethodAccessorImpl.java:62)
at java.base/jdk.internal.reflect.DelegatingMethodAccessorImpl.invoke(DelegatingMethodAccessorImpl.java:43)
at java.base/java.lang.reflect.Method.invoke(Method.java:566)
at org.testng.internal.MethodInvocationHelper.invokeMethod(MethodInvocationHelper.java:133)
at org.testng.internal.MethodInvocationHelper.invokeMethodConsideringTimeout(MethodInvocationHelper.java:62)
at org.testng.internal.ConfigInvoker.invokeConfigurationMethod(ConfigInvoker.java:385)
at org.testng.internal.ConfigInvoker.invokeConfigurations(ConfigInvoker.java:321)
at org.testng.internal.TestInvoker.runConfigMethods(TestInvoker.java:700)
at org.testng.internal.TestInvoker.runAfterGroupsConfigurations(TestInvoker.java:676)
at org.testng.internal.TestInvoker.invokeMethod(TestInvoker.java:546)
at org.testng.internal.TestInvoker.invokeTestMethod(TestInvoker.java:173)
at org.testng.internal.MethodRunner.runInSequence(MethodRunner.java:46)
at org.testng.internal.TestInvoker$MethodInvocationAgent.invoke(TestInvoker.java:824)
at org.testng.internal.TestInvoker.invokeTestMethods(TestInvoker.java:146)
at org.testng.internal.TestMethodWorker.invokeTestMethods(TestMethodWorker.java:146)
at org.testng.internal.TestMethodWorker.run(TestMethodWorker.java:128)
at java.base/java.util.ArrayList.forEach(ArrayList.java:1541)
at org.testng.TestRunner.privateRun(TestRunner.java:794)
at org.testng.TestRunner.run(TestRunner.java:596)
at org.testng.SuiteRunner.runTest(SuiteRunner.java:377)
at org.testng.SuiteRunner.runSequentially(SuiteRunner.java:371)
at org.testng.SuiteRunner.privateRun(SuiteRunner.java:332)
at org.testng.SuiteRunner.run(SuiteRunner.java:276)
at org.testng.SuiteRunnerWorker.runSuite(SuiteRunnerWorker.java:53)
at org.testng.SuiteRunnerWorker.run(SuiteRunnerWorker.java:96)
at org.testng.TestNG.runSuitesSequentially(TestNG.java:1212)
at org.testng.TestNG.runSuitesLocally(TestNG.java:1134)
at org.testng.TestNG.runSuites(TestNG.java:1063)
at org.testng.TestNG.run(TestNG.java:1031)
at org.testng.remote.AbstractRemoteTestNG.run(AbstractRemoteTestNG.java:115)
at org.testng.remote.RemoteTestNG.initAndRun(RemoteTestNG.java:251)
at org.testng.remote.RemoteTestNG.main(RemoteTestNG.java:77)
]]>
    </failure>
  </testcase> <!-- @AfterMethod tearDownAfterMethod -->
  <testcase classname="com.tekarch.SalesForce.SalesForceWithFrameLoginPage" name="verifyRemoveTab" time="0.0">
    <skipped/>
  </testcase> <!-- verifyRemoveTab -->
  <testcase classname="com.tekarch.SalesForce.SalesForceWithFrameLoginPage" name="validateHome" time="0.0">
    <ignored/>
  </testcase> <!-- validateHome -->
  <testcase classname="com.tekarch.SalesForce.SalesForceWithFrameLoginPage" name="createAccountReport" time="0.0">
    <ignored/>
  </testcase> <!-- createAccountReport -->
  <testcase classname="com.tekarch.SalesForce.SalesForceWithFrameLoginPage" name="todaysDateLink" time="0.0">
    <ignored/>
  </testcase> <!-- todaysDateLink -->
  <testcase classname="com.tekarch.SalesForce.SalesForceWithFrameLoginPage" name="validateCheck" time="0.0">
    <ignored/>
  </testcase> <!-- validateCheck -->
  <testcase classname="com.tekarch.SalesForce.SalesForceWithFrameLoginPage" name="createNewViewInContacts" time="0.0">
    <ignored/>
  </testcase> <!-- createNewViewInContacts -->
  <testcase classname="com.tekarch.SalesForce.SalesForceWithFrameLoginPage" name="oppurtunities" time="0.0">
    <ignored/>
  </testcase> <!-- oppurtunities -->
  <testcase classname="com.tekarch.SalesForce.SalesForceWithFrameLoginPage" name="editView" time="0.0">
    <ignored/>
  </testcase> <!-- editView -->
  <testcase classname="com.tekarch.SalesForce.SalesForceWithFrameLoginPage" name="recentlyCreated" time="0.0">
    <ignored/>
  </testcase> <!-- recentlyCreated -->
  <testcase classname="com.tekarch.SalesForce.SalesForceWithFrameLoginPage" name="myProfileOptions" time="0.0">
    <ignored/>
  </testcase> <!-- myProfileOptions -->
  <testcase classname="com.tekarch.SalesForce.SalesForceWithFrameLoginPage" name="validateHomeProfileName" time="0.0">
    <ignored/>
  </testcase> <!-- validateHomeProfileName -->
  <testcase classname="com.tekarch.SalesForce.SalesForceWithFrameLoginPage" name="leads" time="0.0">
    <ignored/>
  </testcase> <!-- leads -->
  <testcase classname="com.tekarch.SalesForce.SalesForceWithFrameLoginPage" name="createNewView" time="0.0">
    <ignored/>
  </testcase> <!-- createNewView -->
  <testcase classname="com.tekarch.SalesForce.SalesForceWithFrameLoginPage" name="createAccount" time="0.0">
    <ignored/>
  </testcase> <!-- createAccount -->
  <testcase classname="com.tekarch.SalesForce.SalesForceWithFrameLoginPage" name="newOppurtunities" time="0.0">
    <ignored/>
  </testcase> <!-- newOppurtunities -->
  <testcase classname="com.tekarch.SalesForce.SalesForceWithFrameLoginPage" name="myUnreadLeadsValidation" time="0.0">
    <ignored/>
  </testcase> <!-- myUnreadLeadsValidation -->
  <testcase classname="com.tekarch.SalesForce.SalesForceWithFrameLoginPage" name="quatarlyLink" time="0.0">
    <ignored/>
  </testcase> <!-- quatarlyLink -->
  <testcase classname="com.tekarch.SalesForce.SalesForceWithFrameLoginPage" name="cancelCreateNewView" time="0.0">
    <ignored/>
  </testcase> <!-- cancelCreateNewView -->
  <testcase classname="com.tekarch.SalesForce.SalesForceWithFrameLoginPage" name="todaysDateLinkRecurssive" time="0.0">
    <ignored/>
  </testcase> <!-- todaysDateLinkRecurssive -->
  <testcase classname="com.tekarch.SalesForce.SalesForceWithFrameLoginPage" name="stuckOppurtunitiesLink" time="0.0">
    <ignored/>
  </testcase> <!-- stuckOppurtunitiesLink -->
  <testcase classname="com.tekarch.SalesForce.SalesForceWithFrameLoginPage" name="loginPage" time="0.0">
    <ignored/>
  </testcase> <!-- loginPage -->
  <testcase classname="com.tekarch.SalesForce.SalesForceWithFrameLoginPage" name="devloperConsole" time="0.0">
    <ignored/>
  </testcase> <!-- devloperConsole -->
  <testcase classname="com.tekarch.SalesForce.SalesForceWithFrameLoginPage" name="errorMessageBlankPassword" time="0.0">
    <ignored/>
  </testcase> <!-- errorMessageBlankPassword -->
  <testcase classname="com.tekarch.SalesForce.SalesForceWithFrameLoginPage" name="NewLeadCreation" time="0.0">
    <ignored/>
  </testcase> <!-- NewLeadCreation -->
  <testcase classname="com.tekarch.SalesForce.SalesForceWithFrameLoginPage" name="oppurtunitiesPipelineLink" time="0.0">
    <ignored/>
  </testcase> <!-- oppurtunitiesPipelineLink -->
  <testcase classname="com.tekarch.SalesForce.SalesForceWithFrameLoginPage" name="myContactViewInContacts" time="0.0">
    <ignored/>
  </testcase> <!-- myContactViewInContacts -->
  <testcase classname="com.tekarch.SalesForce.SalesForceWithFrameLoginPage" name="forgotPassword" time="0.0">
    <ignored/>
  </testcase> <!-- forgotPassword -->
  <testcase classname="com.tekarch.SalesForce.SalesForceWithFrameLoginPage" name="todaysLeads" time="0.0">
    <ignored/>
  </testcase> <!-- todaysLeads -->
  <testcase classname="com.tekarch.SalesForce.SalesForceWithFrameLoginPage" name="mySettings" time="0.0">
    <ignored/>
  </testcase> <!-- mySettings -->
  <testcase classname="com.tekarch.SalesForce.SalesForceWithFrameLoginPage" name="createNewViewinContacts" time="0.0">
    <ignored/>
  </testcase> <!-- createNewViewinContacts -->
  <testcase classname="com.tekarch.SalesForce.SalesForceWithFrameLoginPage" name="createNewContact" time="0.0">
    <ignored/>
  </testcase> <!-- createNewContact -->
  <testcase classname="com.tekarch.SalesForce.SalesForceWithFrameLoginPage" name="createNewContactForInvalid" time="0.0">
    <ignored/>
  </testcase> <!-- createNewContactForInvalid -->
  <testcase classname="com.tekarch.SalesForce.SalesForceWithFrameLoginPage" name="errorWIthInvalidCred" time="0.0">
    <ignored/>
  </testcase> <!-- errorWIthInvalidCred -->
  <testcase classname="com.tekarch.SalesForce.SalesForceWithFrameLoginPage" name="mergeAccounts" time="0.0">
    <ignored/>
  </testcase> <!-- mergeAccounts -->
  <testcase classname="com.tekarch.SalesForce.SalesForceWithFrameLoginPage" name="myContactView" time="0.0">
    <ignored/>
  </testcase> <!-- myContactView -->
  <testcase classname="com.tekarch.SalesForce.SalesForceWithFrameLoginPage" name="userMenuDropDown" time="0.0">
    <ignored/>
  </testcase> <!-- userMenuDropDown -->
  <testcase classname="com.tekarch.SalesForce.SalesForceWithFrameLoginPage" name="verifyDropDownInOppurtunities" time="0.0">
    <ignored/>
  </testcase> <!-- verifyDropDownInOppurtunities -->
</testsuite> <!-- Default test -->
